c:\users\dcf\desktop\application\c++\2048\2048\release\2048.pch
c:\users\dcf\desktop\application\c++\2048\2048\release\vc140.pdb
c:\users\dcf\desktop\application\c++\2048\2048\release\stdafx.obj
c:\users\dcf\desktop\application\c++\2048\2048\release\welcomedlg.obj
c:\users\dcf\desktop\application\c++\2048\2048\release\voldlg.obj
c:\users\dcf\desktop\application\c++\2048\2048\release\tipdlg.obj
c:\users\dcf\desktop\application\c++\2048\2048\release\score.obj
c:\users\dcf\desktop\application\c++\2048\2048\release\myrect.obj
c:\users\dcf\desktop\application\c++\2048\2048\release\musicplayer.obj
c:\users\dcf\desktop\application\c++\2048\2048\release\2048dlg.obj
c:\users\dcf\desktop\application\c++\2048\2048\release\2048.obj
c:\users\dcf\desktop\application\c++\2048\release\2048.exe
c:\users\dcf\desktop\application\c++\2048\release\2048.ipdb
c:\users\dcf\desktop\application\c++\2048\release\2048.iobj
c:\users\dcf\desktop\application\c++\2048\release\2048.pdb
c:\users\dcf\desktop\application\c++\2048\2048\release\2048.res
c:\users\dcf\desktop\application\c++\2048\2048\release\2048.tlog\cl.command.1.tlog
c:\users\dcf\desktop\application\c++\2048\2048\release\2048.tlog\cl.read.1.tlog
c:\users\dcf\desktop\application\c++\2048\2048\release\2048.tlog\cl.write.1.tlog
c:\users\dcf\desktop\application\c++\2048\2048\release\2048.tlog\link.command.1.tlog
c:\users\dcf\desktop\application\c++\2048\2048\release\2048.tlog\link.read.1.tlog
c:\users\dcf\desktop\application\c++\2048\2048\release\2048.tlog\link.write.1.tlog
c:\users\dcf\desktop\application\c++\2048\2048\release\2048.tlog\rc.command.1.tlog
c:\users\dcf\desktop\application\c++\2048\2048\release\2048.tlog\rc.read.1.tlog
c:\users\dcf\desktop\application\c++\2048\2048\release\2048.tlog\rc.write.1.tlog
